MagicCamera/proguard/seeds.txt
com.smartapp.magiccamera.CameraPreview
com.smartapp.magiccamera.CameraPreview: CameraPreview()
com.smartapp.magiccamera.Preview
com.smartapp.magiccamera.Preview: java.lang.String TAG
com.smartapp.magiccamera.Preview: android.view.SurfaceView mSurfaceView
com.smartapp.magiccamera.Preview: android.view.SurfaceHolder mHolder
com.smartapp.magiccamera.Preview: android.hardware.Camera$Size mPreviewSize
com.smartapp.magiccamera.Preview: java.util.List mSupportedPreviewSizes
com.smartapp.magiccamera.Preview: android.hardware.Camera mCamera
com.smartapp.magiccamera.Preview: Preview(android.content.Context)
com.smartapp.magiccamera.Preview: Preview(android.content.Context,android.util.AttributeSet)
com.smartapp.magiccamera.Preview: Preview(android.content.Context,android.util.AttributeSet,int)
com.smartapp.magiccamera.Preview: void init(android.content.Context)
com.smartapp.magiccamera.Preview: void setCamera(android.hardware.Camera)
com.smartapp.magiccamera.Preview: void switchCamera(android.hardware.Camera)
com.smartapp.magiccamera.Preview: void onMeasure(int,int)
com.smartapp.magiccamera.Preview: void onLayout(boolean,int,int,int,int)
com.smartapp.magiccamera.Preview: void surfaceCreated(android.view.SurfaceHolder)
com.smartapp.magiccamera.Preview: void surfaceDestroyed(android.view.SurfaceHolder)
com.smartapp.magiccamera.Preview: android.hardware.Camera$Size getOptimalPreviewSize(java.util.List,int,int)
com.smartapp.magiccamera.Preview: void surfaceChanged(android.view.SurfaceHolder,int,int,int)
com.smartapp.magiccamera.ShowActivity
com.smartapp.magiccamera.ShowActivity: ShowActivity()
com.smartapp.magiccamera.view.PhotoView
com.smartapp.magiccamera.view.PhotoView: android.graphics.Bitmap mBitmap
com.smartapp.magiccamera.view.PhotoView: float[] mVerts
com.smartapp.magiccamera.view.PhotoView: PhotoView(android.content.Context,android.util.AttributeSet,int)
com.smartapp.magiccamera.view.PhotoView: PhotoView(android.content.Context,android.util.AttributeSet)
com.smartapp.magiccamera.view.PhotoView: PhotoView(android.content.Context)
com.smartapp.magiccamera.view.PhotoView: void refresh(android.graphics.Bitmap,float[])
com.smartapp.magiccamera.view.PhotoView: void onDraw(android.graphics.Canvas)
...
android.support.v4.app.BackStackState
android.support.v4.app.BackStackState: android.os.Parcelable$Creator CREATOR
android.support.v4.app.Fragment$SavedState
android.support.v4.app.Fragment$SavedState: android.os.Parcelable$Creator CREATOR
android.support.v4.app.FragmentActivity
android.support.v4.app.FragmentManagerState
android.support.v4.app.FragmentManagerState: android.os.Parcelable$Creator CREATOR
android.support.v4.app.FragmentState
android.support.v4.app.FragmentState: android.os.Parcelable$Creator CREATOR
android.support.v4.app.FragmentTabHost
android.support.v4.app.FragmentTabHost: FragmentTabHost(android.content.Context,android.util.AttributeSet)
android.support.v4.app.FragmentTabHost$SavedState
android.support.v4.app.FragmentTabHost$SavedState: android.os.Parcelable$Creator CREATOR
android.support.v4.content.FileProvider
android.support.v4.content.ModernAsyncTask$Status: android.support.v4.content.ModernAsyncTask$Status[] values()
android.support.v4.content.ModernAsyncTask$Status: android.support.v4.content.ModernAsyncTask$Status valueOf(java.lang.String)
android.support.v4.content.WakefulBroadcastReceiver
android.support.v4.view.PagerTabStrip
android.support.v4.view.PagerTabStrip: PagerTabStrip(android.content.Context,android.util.AttributeSet)
android.support.v4.view.PagerTitleStrip
android.support.v4.view.PagerTitleStrip: PagerTitleStrip(android.content.Context,android.util.AttributeSet)
android.support.v4.view.ViewPager
android.support.v4.view.ViewPager: ViewPager(android.content.Context,android.util.AttributeSet)
android.support.v4.view.ViewPager$LayoutParams
android.support.v4.view.ViewPager$LayoutParams: ViewPager$LayoutParams(android.content.Context,android.util.AttributeSet)
android.support.v4.view.ViewPager$SavedState
android.support.v4.view.ViewPager$SavedState: android.os.Parcelable$Creator CREATOR
android.support.v4.widget.ContentLoadingProgressBar
android.support.v4.widget.ContentLoadingProgressBar: ContentLoadingProgressBar(android.content.Context,android.util.AttributeSet)
android.support.v4.widget.DrawerLayout
android.support.v4.widget.DrawerLayout: DrawerLayout(android.content.Context,android.util.AttributeSet)
android.support.v4.widget.DrawerLayout: DrawerLayout(android.content.Context,android.util.AttributeSet,int)
android.support.v4.widget.DrawerLayout$LayoutParams
android.support.v4.widget.DrawerLayout$LayoutParams: DrawerLayout$LayoutParams(android.content.Context,android.util.AttributeSet)
android.support.v4.widget.DrawerLayout$SavedState
android.support.v4.widget.DrawerLayout$SavedState: android.os.Parcelable$Creator CREATOR
android.support.v4.widget.SlidingPaneLayout
android.support.v4.widget.SlidingPaneLayout: SlidingPaneLayout(android.content.Context,android.util.AttributeSet)
android.support.v4.widget.SlidingPaneLayout: SlidingPaneLayout(android.content.Context,android.util.AttributeSet,int)
android.support.v4.widget.SlidingPaneLayout$LayoutParams
android.support.v4.widget.SlidingPaneLayout$LayoutParams: SlidingPaneLayout$LayoutParams(android.content.Context,android.util.AttributeSet)
android.support.v4.widget.SlidingPaneLayout$SavedState
android.support.v4.widget.SlidingPaneLayout$SavedState: android.os.Parcelable$Creator CREATOR
com.google.ads.Ad
com.google.ads.Ad: boolean isReady()
com.google.ads.Ad: void loadAd(com.google.ads.AdRequest)
com.google.ads.Ad: void setAdListener(com.google.ads.AdListener)
com.google.ads.Ad: void stopLoading()