MagicCamera/proguard/mapping.txt
com.smartapp.magiccamera.CameraPreview -> com.smartapp.magiccamera.CameraPreview:
    com.smartapp.magiccamera.Preview mPreview -> e
    android.hardware.Camera mCamera -> a
    int numberOfCameras -> b
    int cameraCurrentlyLocked -> c
    int defaultCameraId -> d
    com.smartapp.magiccamera.view.PhotoView mPhotoView -> f
    java.io.ByteArrayOutputStream mBOS -> g
    android.graphics.Rect mRect -> h
    float[] mOrigArray -> i
    float[] mVertsArray -> j
    com.smartapp.funmirror.wrap.Warper mWrapper -> k
    com.smartapp.funmirror.wrap.WarpStrategy mWarpStrategy -> l
    int rotationInDegrees -> m
    android.graphics.Matrix mM -> n
    android.widget.ImageView mTakePic -> o
    android.widget.ImageView mSwitchCam -> p
    android.widget.Button mOpen -> q
    android.widget.Button mClose -> r
    com.slidinglayer.SlidingLayer mSlidingLayer -> s
    android.hardware.Camera$PreviewCallback mPreviewCallback -> t
    android.widget.LinearLayout mNoWarp -> u
    android.widget.ImageView mNoWarpOK -> v
    android.widget.LinearLayout mBulgeWarp -> w
    android.widget.ImageView mBulgeWarpOK -> x
    android.widget.LinearLayout mDentWarp -> y
    android.widget.ImageView mDentWarpOK -> z
    android.widget.LinearLayout mSquareWarp -> A
    android.widget.ImageView mSquareWarpOK -> B
    android.widget.LinearLayout mSwirlWarp -> C
    android.widget.ImageView mSwirlWarpOK -> D
    android.widget.LinearLayout mTallWarp -> E
    android.widget.ImageView mTallWarpOK -> F
com.smartapp.magiccamera.CameraPreview$1 -> com.smartapp.magiccamera.a:
    com.smartapp.magiccamera.CameraPreview this$0 -> a
    119:156:void onPreviewFrame(byte[],android.hardware.Camera) -> onPreviewFrame
com.smartapp.magiccamera.CameraPreview$10 -> com.smartapp.magiccamera.b:
    com.smartapp.magiccamera.CameraPreview this$0 -> a
    365:370:void onClick(android.view.View) -> onClick
com.smartapp.magiccamera.CameraPreview$11 -> com.smartapp.magiccamera.c:
    com.smartapp.magiccamera.CameraPreview this$0 -> a
    378:383:void onClick(android.view.View) -> onClick
com.smartapp.magiccamera.CameraPreview$12 -> com.smartapp.magiccamera.d:
    com.smartapp.magiccamera.CameraPreview this$0 -> a
    391:396:void onClick(android.view.View) -> onClick
com.smartapp.magiccamera.CameraPreview$2 -> com.smartapp.magiccamera.e:
    com.smartapp.magiccamera.CameraPreview this$0 -> a
    216:244:void onClick(android.view.View) -> onClick
    211:211:com.smartapp.magiccamera.CameraPreview access$0(com.smartapp.magiccamera.CameraPreview$2) -> a
com.smartapp.magiccamera.CameraPreview$2$1 -> com.smartapp.magiccamera.f:
    com.smartapp.magiccamera.CameraPreview$2 this$1 -> a
    220:242:void onAutoFocus(boolean,android.hardware.Camera) -> onAutoFocus
com.smartapp.magiccamera.CameraPreview$3 -> com.smartapp.magiccamera.g:
    com.smartapp.magiccamera.CameraPreview this$0 -> a
    254:280:void onClick(android.view.View) -> onClick
com.smartapp.magiccamera.CameraPreview$4 -> com.smartapp.magiccamera.h:
    com.smartapp.magiccamera.CameraPreview this$0 -> a
    292:295:void onClick(android.view.View) -> onClick
com.smartapp.magiccamera.CameraPreview$5 -> com.smartapp.magiccamera.i:
    com.smartapp.magiccamera.CameraPreview this$0 -> a
    302:305:void onClick(android.view.View) -> onClick
com.smartapp.magiccamera.CameraPreview$6 -> com.smartapp.magiccamera.j:
    com.smartapp.magiccamera.CameraPreview this$0 -> a
    313:318:void onClick(android.view.View) -> onClick
com.smartapp.magiccamera.CameraPreview$7 -> com.smartapp.magiccamera.k:
    com.smartapp.magiccamera.CameraPreview this$0 -> a
    326:331:void onClick(android.view.View) -> onClick
com.smartapp.magiccamera.CameraPreview$8 -> com.smartapp.magiccamera.l:
    com.smartapp.magiccamera.CameraPreview this$0 -> a
    339:344:void onClick(android.view.View) -> onClick
...
android.support.v4.view.ViewPager$3 -> android.support.v4.view.bx:
    android.support.v4.view.ViewPager this$0 -> a
    243:245:void run() -> run
android.support.v4.view.ViewPager$Decor -> android.support.v4.view.by:
android.support.v4.view.ViewPager$ItemInfo -> android.support.v4.view.bz:
    java.lang.Object object -> a
    int position -> b
    boolean scrolling -> c
    float widthFactor -> d
    float offset -> e
android.support.v4.view.ViewPager$LayoutParams -> android.support.v4.view.ViewPager$LayoutParams:
    boolean isDecor -> a
    int gravity -> b
    float widthFactor -> c
    boolean needsMeasure -> d
    int position -> e
    int childIndex -> f
android.support.v4.view.ViewPager$MyAccessibilityDelegate -> android.support.v4.view.ca:
    android.support.v4.view.ViewPager this$0 -> b
    2764:2774:void onInitializeAccessibilityEvent(android.view.View,android.view.accessibility.AccessibilityEvent) -> d
    2778:2787:void onInitializeAccessibilityNodeInfo(android.view.View,android.support.v4.view.accessibility.AccessibilityNodeInfoCompat) -> a
    2791:2808:boolean performAccessibilityAction(android.view.View,int,android.os.Bundle) -> a
    2812:2812:boolean canScroll() -> b
android.support.v4.view.ViewPager$OnAdapterChangeListener -> android.support.v4.view.cb:
android.support.v4.view.ViewPager$OnPageChangeListener -> android.support.v4.view.cc:
    void onPageScrolled(int,float,int) -> a
    void onPageSelected(int) -> a
    void onPageScrollStateChanged(int) -> b
android.support.v4.view.ViewPager$PageTransformer -> android.support.v4.view.cd:
    void transformPage(android.view.View,float) -> a
android.support.v4.view.ViewPager$SavedState -> android.support.v4.view.ViewPager$SavedState:
    int position -> a
    android.os.Parcelable adapterState -> b
    java.lang.ClassLoader loader -> c
    android.os.Parcelable$Creator CREATOR -> CREATOR
    1224:1227:void writeToParcel(android.os.Parcel,int) -> writeToParcel
    1231:1231:java.lang.String toString() -> toString
android.support.v4.view.ViewPager$SavedState$1 -> android.support.v4.view.ce:
    1240:1240:android.support.v4.view.ViewPager$SavedState createFromParcel(android.os.Parcel,java.lang.ClassLoader) -> b
    1244:1244:android.support.v4.view.ViewPager$SavedState[] newArray(int) -> b
    1237:1237:java.lang.Object[] newArray(int) -> a
    1237:1237:java.lang.Object createFromParcel(android.os.Parcel,java.lang.ClassLoader) -> a
android.support.v4.view.ViewPager$ViewPositionComparator -> android.support.v4.view.cf:
    2882:2887:int compare(android.view.View,android.view.View) -> a
    2879:2879:int compare(java.lang.Object,java.lang.Object) -> compare